z:\google drive\extended year\oop\final_project\vc\e14046583_final\debug\e14046583_final.exe
z:\google drive\extended year\oop\final_project\vc\e14046583_final\debug\e14046583_final.pdb
z:\google drive\extended year\oop\final_project\vc\e14046583_final\e14046583_final\debug\e14046583_final.mapform.resources
z:\google drive\extended year\oop\final_project\vc\e14046583_final\e14046583_final\debug\e14046583_final.new_vehiicle_query_form.resources
z:\google drive\extended year\oop\final_project\vc\e14046583_final\e14046583_final\debug\vc140.pdb
z:\google drive\extended year\oop\final_project\vc\e14046583_final\e14046583_final\debug\v_tree.obj
z:\google drive\extended year\oop\final_project\vc\e14046583_final\e14046583_final\debug\vertex.obj
z:\google drive\extended year\oop\final_project\vc\e14046583_final\e14046583_final\debug\vehicle.obj
z:\google drive\extended year\oop\final_project\vc\e14046583_final\e14046583_final\debug\distancematrix.obj
z:\google drive\extended year\oop\final_project\vc\e14046583_final\e14046583_final\debug\activeobject.obj
z:\google drive\extended year\oop\final_project\vc\e14046583_final\e14046583_final\debug\.netframework,version=v4.5.2.assemblyattributes.obj
z:\google drive\extended year\oop\final_project\vc\e14046583_final\e14046583_final\debug\.netframework,version=v4.5.2.assemblyattributes.asm
z:\google drive\extended year\oop\final_project\vc\e14046583_final\e14046583_final\debug\managertree.obj
z:\google drive\extended year\oop\final_project\vc\e14046583_final\e14046583_final\debug\main.obj
z:\google drive\extended year\oop\final_project\vc\e14046583_final\e14046583_final\debug\mapform.obj
z:\google drive\extended year\oop\final_project\vc\e14046583_final\e14046583_final\debug\new_vehiicle_query_form.obj
z:\google drive\extended year\oop\final_project\vc\e14046583_final\e14046583_final\debug\e14046583_final.vcxprojresolveassemblyreference.cache
z:\google drive\extended year\oop\final_project\vc\e14046583_final\e14046583_final\debug\e14046583_final.vcxproj.generateresource.cache
z:\google drive\extended year\oop\final_project\vc\e14046583_final\e14046583_final\debug\e14046583_final.tlog\link.read.1.tlog
z:\google drive\extended year\oop\final_project\vc\e14046583_final\e14046583_final\debug\e14046583_final.tlog\metagen.write.1.tlog
z:\google drive\extended year\oop\final_project\vc\e14046583_final\e14046583_final\debug\e14046583_final.tlog\link.command.1.tlog
z:\google drive\extended year\oop\final_project\vc\e14046583_final\e14046583_final\debug\e14046583_final.tlog\link.write.1.tlog
z:\google drive\extended year\oop\final_project\vc\e14046583_final\e14046583_final\debug\e14046583_final.tlog\e14046583_final.write.1u.tlog
z:\google drive\extended year\oop\final_project\vc\e14046583_final\e14046583_final\debug\e14046583_final.tlog\cl.read.1.tlog
z:\google drive\extended year\oop\final_project\vc\e14046583_final\e14046583_final\debug\e14046583_final.tlog\cl.command.1.tlog
z:\google drive\extended year\oop\final_project\vc\e14046583_final\e14046583_final\debug\e14046583_final.tlog\cl.write.1.tlog
z:\google drive\extended year\oop\final_project\vc\e14046583_final\e14046583_final\debug\e14046583_final.tlog\metagen.read.1.tlog
z:\google drive\extended year\oop\final_project\vc\e14046583_final\e14046583_final\debug\e14046583_final.tlog\tzres.dll.bi
