z:\googledrive\extended year\oop\final_project\vc\e14046583_final\release\e14046583_final.exe
z:\googledrive\extended year\oop\final_project\vc\e14046583_final\release\e14046583_final.pdb
z:\googledrive\extended year\oop\final_project\vc\e14046583_final\e14046583_final\release\e14046583_final.knn_search_form.resources
z:\googledrive\extended year\oop\final_project\vc\e14046583_final\e14046583_final\release\e14046583_final.mapform.resources
z:\googledrive\extended year\oop\final_project\vc\e14046583_final\e14046583_final\release\e14046583_final.new_vehiicle_query_form.resources
z:\googledrive\extended year\oop\final_project\vc\e14046583_final\e14046583_final\release\vc141.pdb
z:\googledrive\extended year\oop\final_project\vc\e14046583_final\e14046583_final\release\v_tree.obj
z:\googledrive\extended year\oop\final_project\vc\e14046583_final\e14046583_final\release\vertex.obj
z:\googledrive\extended year\oop\final_project\vc\e14046583_final\e14046583_final\release\vehicle.obj
z:\googledrive\extended year\oop\final_project\vc\e14046583_final\e14046583_final\release\new_vehiicle_query_form.obj
z:\googledrive\extended year\oop\final_project\vc\e14046583_final\e14046583_final\release\mapform.obj
z:\googledrive\extended year\oop\final_project\vc\e14046583_final\e14046583_final\release\managertree.obj
z:\googledrive\extended year\oop\final_project\vc\e14046583_final\e14046583_final\release\main.obj
z:\googledrive\extended year\oop\final_project\vc\e14046583_final\e14046583_final\release\knn_search_form.obj
z:\googledrive\extended year\oop\final_project\vc\e14046583_final\e14046583_final\release\distancematrix.obj
z:\googledrive\extended year\oop\final_project\vc\e14046583_final\e14046583_final\release\activeobject.obj
z:\googledrive\extended year\oop\final_project\vc\e14046583_final\e14046583_final\release\e14046583_final.vcxproj.generateresource.cache
z:\googledrive\extended year\oop\final_project\vc\e14046583_final\e14046583_final\release\e14046583_final.vcxprojassemblyreference.cache
z:\googledrive\extended year\oop\final_project\vc\e14046583_final\e14046583_final\release\.netframework,version=v4.5.2.assemblyattributes.obj
z:\googledrive\extended year\oop\final_project\vc\e14046583_final\e14046583_final\release\e14046583_final.tlog\link.read.1.tlog
z:\googledrive\extended year\oop\final_project\vc\e14046583_final\e14046583_final\release\e14046583_final.tlog\metagen.write.1.tlog
z:\googledrive\extended year\oop\final_project\vc\e14046583_final\e14046583_final\release\e14046583_final.tlog\link.command.1.tlog
z:\googledrive\extended year\oop\final_project\vc\e14046583_final\e14046583_final\release\e14046583_final.tlog\link.write.1.tlog
z:\googledrive\extended year\oop\final_project\vc\e14046583_final\e14046583_final\release\e14046583_final.tlog\e14046583_final.write.1u.tlog
z:\googledrive\extended year\oop\final_project\vc\e14046583_final\e14046583_final\release\e14046583_final.tlog\cl.read.1.tlog
z:\googledrive\extended year\oop\final_project\vc\e14046583_final\e14046583_final\release\e14046583_final.tlog\cl.command.1.tlog
z:\googledrive\extended year\oop\final_project\vc\e14046583_final\e14046583_final\release\e14046583_final.tlog\cl.write.1.tlog
z:\googledrive\extended year\oop\final_project\vc\e14046583_final\e14046583_final\release\e14046583_final.tlog\metagen.read.1.tlog
